Log file open, 04/01/23 18:52:53
LogWindows: Failed to load 'aqProf.dll' (GetLastError=126)
LogWindows: File 'aqProf.dll' does not exist
LogWindows: Failed to load 'VtuneApi.dll' (GetLastError=126)
LogWindows: File 'VtuneApi.dll' does not exist
LogWindows: Failed to load 'VtuneApi32e.dll' (GetLastError=126)
LogWindows: File 'VtuneApi32e.dll' does not exist
LogConsoleResponse: Display: Failed to find resolution value strings in scalability ini. Falling back to default.
LogConsoleResponse: Display: Failed to find resolution value strings in scalability ini. Falling back to default.
LogInit: Display: Running engine for game: DungeonCrawlerGJ
LogPlatformFile: Not using cached read wrapper
LogTaskGraph: Started task graph with 5 named threads and 47 total threads with 3 sets of task threads.
LogStats: Stats thread started at 0.241742
LogICUInternationalization: ICU TimeZone Detection - Raw Offset: +1:00, Platform Override: ''
LogInit: Display: Loading text-based GConfig....
LogPluginManager: Mounting plugin MeshPainting
LogPluginManager: Mounting plugin XGEController
LogPluginManager: Mounting plugin Paper2D
LogPluginManager: Mounting plugin LightPropagationVolume
LogPluginManager: Mounting plugin AISupport
LogPluginManager: Mounting plugin EnvironmentQueryEditor
LogPluginManager: Mounting plugin OodleData
LogPluginManager: Mounting plugin CameraShakePreviewer
LogPluginManager: Mounting plugin OodleNetwork
LogPluginManager: Mounting plugin GameplayCameras
LogPluginManager: Mounting plugin LiveLink
LogPluginManager: Mounting plugin AnimationSharing
LogPluginManager: Mounting plugin CLionSourceCodeAccess
LogPluginManager: Mounting plugin CodeLiteSourceCodeAccess
LogPluginManager: Mounting plugin PixWinPlugin
LogPluginManager: Mounting plugin NullSourceCodeAccess
LogPluginManager: Mounting plugin KDevelopSourceCodeAccess
LogPluginManager: Mounting plugin GitSourceControl
LogPluginManager: Mounting plugin PerforceSourceControl
LogPluginManager: Mounting plugin PluginUtils
LogPluginManager: Mounting plugin PlasticSourceControl
LogPluginManager: Mounting plugin TextureFormatOodle
LogPluginManager: Mounting plugin RiderSourceCodeAccess
LogPluginManager: Mounting plugin SubversionSourceControl
LogPluginManager: Mounting plugin XCodeSourceCodeAccess
LogPluginManager: Mounting plugin PropertyAccessNode
LogPluginManager: Mounting plugin VisualStudioSourceCodeAccess
LogPluginManager: Mounting plugin VisualStudioCodeSourceCodeAccess
LogPluginManager: Mounting plugin DatasmithContent
LogPluginManager: Mounting plugin VariantManagerContent
LogPluginManager: Mounting plugin Niagara
LogPluginManager: Mounting plugin AlembicImporter
LogPluginManager: Mounting plugin UObjectPlugin
LogPluginManager: Mounting plugin AutomationUtils
LogPluginManager: Mounting plugin BackChannel
LogPluginManager: Mounting plugin ChaosCloth
LogPluginManager: Mounting plugin ChaosNiagara
LogPluginManager: Mounting plugin ChaosEditor
LogPluginManager: Mounting plugin ChaosSolverPlugin
LogPluginManager: Mounting plugin ChaosClothEditor
LogPluginManager: Mounting plugin CharacterAI
LogPluginManager: Mounting plugin GeometryCollectionPlugin
LogPluginManager: Mounting plugin GeometryCache
LogPluginManager: Mounting plugin GeometryProcessing
LogPluginManager: Mounting plugin MotoSynth
LogPluginManager: Mounting plugin OpenImageDenoise
LogPluginManager: Mounting plugin PlanarCut
LogPluginManager: Mounting plugin PythonScriptPlugin
LogPluginManager: Mounting plugin PlatformCrypto
LogPluginManager: Mounting plugin ProxyLODPlugin
LogPluginManager: Mounting plugin ActorSequence
LogPluginManager: Mounting plugin SkeletalReduction
LogPluginManager: Mounting plugin MatineeToLevelSequence
LogPluginManager: Mounting plugin LevelSequenceEditor
LogPluginManager: Mounting plugin TemplateSequence
LogPluginManager: Mounting plugin OnlineSubsystem
LogPluginManager: Mounting plugin LuminPlatformFeatures
LogPluginManager: Mounting plugin MagicLeap
LogPluginManager: Mounting plugin OnlineSubsystemNull
LogPluginManager: Mounting plugin MagicLeapLightEstimation
LogPluginManager: Mounting plugin OnlineSubsystemUtils
LogPluginManager: Mounting plugin MagicLeapMedia
LogPluginManager: Mounting plugin AssetManagerEditor
LogPluginManager: Mounting plugin UdpMessaging
LogPluginManager: Mounting plugin TcpMessaging
LogPluginManager: Mounting plugin MagicLeapPassableWorld
LogPluginManager: Mounting plugin CryptoKeys
LogPluginManager: Mounting plugin CurveEditorTools
LogPluginManager: Mounting plugin DataValidation
LogPluginManager: Mounting plugin MLSDK
LogPluginManager: Mounting plugin FacialAnimation
LogPluginManager: Mounting plugin GameplayTagsEditor
LogPluginManager: Mounting plugin GeometryMode
LogPluginManager: Mounting plugin SpeedTreeImporter
LogPluginManager: Mounting plugin MacGraphicsSwitching
LogPluginManager: Mounting plugin LauncherChunkInstaller
LogPluginManager: Mounting plugin MaterialAnalyzer
LogPluginManager: Mounting plugin ScreenshotTools
LogPluginManager: Mounting plugin PluginBrowser
LogPluginManager: Mounting plugin MobileLauncherProfileWizard
LogPluginManager: Mounting plugin MultiUserTakes
LogPluginManager: Mounting plugin ActorLayerUtilities
LogPluginManager: Mounting plugin AndroidDeviceProfileSelector
LogPluginManager: Mounting plugin Takes
LogPluginManager: Mounting plugin AndroidPermission
LogPluginManager: Mounting plugin AppleImageUtils
LogPluginManager: Mounting plugin AndroidMoviePlayer
LogPluginManager: Mounting plugin AppleMoviePlayer
LogPluginManager: Mounting plugin ArchVisCharacter
LogPluginManager: Mounting plugin AudioCapture
LogPluginManager: Mounting plugin AudioSynesthesia
LogPluginManager: Mounting plugin AssetTags
LogPluginManager: Mounting plugin ChunkDownloader
LogPluginManager: Mounting plugin CableComponent
LogPluginManager: Mounting plugin CustomMeshComponent
LogPluginManager: Mounting plugin EditableMesh
LogPluginManager: Mounting plugin ExampleDeviceProfileSelector
LogPluginManager: Mounting plugin GoogleCloudMessaging
LogPluginManager: Mounting plugin GooglePAD
LogPluginManager: Mounting plugin IOSDeviceProfileSelector
LogPluginManager: Mounting plugin LinuxDeviceProfileSelector
LogPluginManager: Mounting plugin LocationServicesBPLibrary
LogPluginManager: Mounting plugin MobilePatchingUtils
LogPluginManager: Mounting plugin OpenXR
LogPluginManager: Mounting plugin OpenXREyeTracker
LogPluginManager: Mounting plugin OpenXRHandTracking
LogPluginManager: Mounting plugin PhysXVehicles
LogPluginManager: Mounting plugin PostSplashScreen
LogPluginManager: Mounting plugin ProceduralMeshComponent
LogPluginManager: Mounting plugin PropertyAccessEditor
LogPluginManager: Mounting plugin SignificanceManager
LogPluginManager: Mounting plugin RuntimePhysXCooking
LogPluginManager: Mounting plugin SoundFields
LogPluginManager: Mounting plugin Synthesis
LogPluginManager: Mounting plugin AndroidMedia
LogPluginManager: Mounting plugin WebMMoviePlayer
LogPluginManager: Mounting plugin WindowsMoviePlayer
LogPluginManager: Mounting plugin AvfMedia
LogPluginManager: Mounting plugin ImgMedia
LogPluginManager: Mounting plugin MediaCompositing
LogPluginManager: Mounting plugin MediaPlayerEditor
LogPluginManager: Mounting plugin WebMMedia
LogPluginManager: Mounting plugin WmfMedia
LogPluginManager: Mounting plugin ConcertMain
LogPluginManager: Mounting plugin MultiUserClient
LogPluginManager: Mounting plugin OnlineSubsystemGooglePlay
LogPluginManager: Mounting plugin OnlineSubsystemIOS
LogPluginManager: Mounting plugin ContentBrowserAssetDataSource
LogPluginManager: Mounting plugin ContentBrowserClassDataSource
LogPluginManager: Mounting plugin ContentBrowserFileDataSource
LogPluginManager: Mounting plugin SQLiteCore
LogPluginManager: Mounting plugin OculusVR
LogPluginManager: Mounting plugin SteamVR
LogPluginManager: Mounting plugin ConcertSyncClient
LogPluginManager: Mounting plugin ConcertSyncCore
PixWinPlugin: PIX capture plugin failed to initialize! Check that the process is launched from PIX.
LogInit: Using libcurl 7.55.1-DEV
LogInit:  - built for x86_64-pc-win32
LogInit:  - supports SSL with OpenSSL/1.1.1
LogInit:  - supports HTTP deflate (compression) using libz 1.2.8
LogInit:  - other features:
LogInit:      CURL_VERSION_SSL
LogInit:      CURL_VERSION_LIBZ
LogInit:      CURL_VERSION_IPV6
LogInit:      CURL_VERSION_ASYNCHDNS
LogInit:      CURL_VERSION_LARGEFILE
LogInit:      CURL_VERSION_IDN
LogInit:  CurlRequestOptions (configurable via config and command line):
LogInit:  - bVerifyPeer = true  - Libcurl will verify peer certificate
LogInit:  - bUseHttpProxy = false  - Libcurl will NOT use HTTP proxy
LogInit:  - bDontReuseConnections = false  - Libcurl will reuse connections
LogInit:  - MaxHostConnections = 16  - Libcurl will limit the number of connections to a host
LogInit:  - LocalHostAddr = Default
LogInit:  - BufferSize = 65536
LogOnline: OSS: Creating online subsystem instance for: NULL
LogInit: WinSock: version 1.1 (2.2), MaxSocks=32767, MaxUdp=65467
LogOnline: OSS: TryLoadSubsystemAndSetDefault: Loaded subsystem for module [NULL]
LogOculusPluginWrapper: OculusPlugin initialized successfully
LogHMD: Failed initializing OVRPlugin 1.59.0
LogInit: Build: ++UE4+Release-4.27-CL-18319896
LogInit: Engine Version: 4.27.2-18319896+++UE4+Release-4.27
LogInit: Compatible Engine Version: 4.27.0-17155196+++UE4+Release-4.27
LogInit: Net CL: 17155196
LogInit: OS: Windows 10 (Release 2009) (), CPU: AMD Ryzen 7 3700X 8-Core Processor             , GPU: NVIDIA GeForce RTX 3060
LogInit: Compiled (64-bit): Nov 30 2021 07:12:08
LogInit: Compiled with Visual C++: 19.24.28315.00
LogInit: Build Configuration: Development
LogInit: Branch Name: ++UE4+Release-4.27
LogInit: Command Line:  /Game/Maps/testMAp -game -PIEVIACONSOLE -Multiprocess GameUserSettingsINI=E:/GameJam/DungeonCrawlerGJ-master/DungeonCrawlerGJ/DungeonCrawlerGJ/Saved/Config/Windows/PIEGameUserSettings0.ini -MultiprocessSaveConfig -forcepassthrough -messaging -SessionName="Play in Standalone Game" -windowed -ResX=1280 -ResY=720
LogInit: Base Directory: D:/UE_4.27/Engine/Binaries/Win64/
LogInit: Allocator: TBB
LogInit: Installed Engine Build: 1
LogDevObjectVersion: Number of dev versions registered: 29
LogDevObjectVersion:   Dev-Blueprints (B0D832E4-1F89-4F0D-ACCF-7EB736FD4AA2): 10
LogDevObjectVersion:   Dev-Build (E1C64328-A22C-4D53-A36C-8E866417BD8C): 0
LogDevObjectVersion:   Dev-Core (375EC13C-06E4-48FB-B500-84F0262A717E): 4
LogDevObjectVersion:   Dev-Editor (E4B068ED-F494-42E9-A231-DA0B2E46BB41): 40
LogDevObjectVersion:   Dev-Framework (CFFC743F-43B0-4480-9391-14DF171D2073): 37
LogDevObjectVersion:   Dev-Mobile (B02B49B5-BB20-44E9-A304-32B752E40360): 3
LogDevObjectVersion:   Dev-Networking (A4E4105C-59A1-49B5-A7C5-40C4547EDFEE): 0
LogDevObjectVersion:   Dev-Online (39C831C9-5AE6-47DC-9A44-9C173E1C8E7C): 0
LogDevObjectVersion:   Dev-Physics (78F01B33-EBEA-4F98-B9B4-84EACCB95AA2): 14
LogDevObjectVersion:   Dev-Platform (6631380F-2D4D-43E0-8009-CF276956A95A): 0
LogDevObjectVersion:   Dev-Rendering (12F88B9F-8875-4AFC-A67C-D90C383ABD29): 45
LogDevObjectVersion:   Dev-Sequencer (7B5AE74C-D270-4C10-A958-57980B212A5A): 13
LogDevObjectVersion:   Dev-VR (D7296918-1DD6-4BDD-9DE2-64A83CC13884): 3
LogDevObjectVersion:   Dev-LoadTimes (C2A15278-BFE7-4AFE-6C17-90FF531DF755): 1
LogDevObjectVersion:   Private-Geometry (6EACA3D4-40EC-4CC1-B786-8BED09428FC5): 3
LogDevObjectVersion:   Dev-AnimPhys (29E575DD-E0A3-4627-9D10-D276232CDCEA): 17
LogDevObjectVersion:   Dev-Anim (AF43A65D-7FD3-4947-9873-3E8ED9C1BB05): 15
LogDevObjectVersion:   Dev-ReflectionCapture (6B266CEC-1EC7-4B8F-A30B-E4D90942FC07): 1
LogDevObjectVersion:   Dev-Automation (0DF73D61-A23F-47EA-B727-89E90C41499A): 1
LogDevObjectVersion:   FortniteMain (601D1886-AC64-4F84-AA16-D3DE0DEAC7D6): 47
LogDevObjectVersion:   FortniteRelease (E7086368-6B23-4C58-8439-1B7016265E91): 1
LogDevObjectVersion:   Dev-Enterprise (9DFFBCD6-494F-0158-E221-12823C92A888): 10
LogDevObjectVersion:   Dev-Niagara (F2AED0AC-9AFE-416F-8664-AA7FFA26D6FC): 1
LogDevObjectVersion:   Dev-Destruction (174F1F0B-B4C6-45A5-B13F-2EE8D0FB917D): 10
LogDevObjectVersion:   Dev-Physics-Ext (35F94A83-E258-406C-A318-09F59610247C): 41
LogDevObjectVersion:   Dev-PhysicsMaterial-Chaos (B68FC16E-8B1B-42E2-B453-215C058844FE): 1
LogDevObjectVersion:   Dev-CineCamera (B2E18506-4273-CFC2-A54E-F4BB758BBA07): 1
LogDevObjectVersion:   Dev-VirtualProduction (64F58936-FD1B-42BA-BA96-7289D5D0FA4E): 1
LogDevObjectVersion:   Dev-MediaFramework (6F0ED827-A609-4895-9C91-998D90180EA4): 2
LogInit: Presizing for max 25165824 objects, including 0 objects not considered by GC, pre-allocating 0 bytes for permanent pool.
LogConfig: Applying CVar settings from Section [/Script/Engine.StreamingSettings] File [E:/GameJam/DungeonCrawlerGJ-master/DungeonCrawlerGJ/DungeonCrawlerGJ/Saved/Config/Windows/Engine.ini]
LogConfig: Setting CVar [[s.MinBulkDataSizeForAsyncLoading:131072]]
LogConfig: Setting CVar [[s.AsyncLoadingThreadEnabled:0]]
LogConfig: Setting CVar [[s.EventDrivenLoaderEnabled:1]]
LogConfig: Setting CVar [[s.WarnIfTimeLimitExceeded:0]]
LogConfig: Setting CVar [[s.TimeLimitExceededMultiplier:1.5]]
LogConfig: Setting CVar [[s.TimeLimitExceededMinTime:0.005]]
LogConfig: Setting CVar [[s.UseBackgroundLevelStreaming:1]]
LogConfig: Setting CVar [[s.PriorityAsyncLoadingExtraTime:15.0]]
LogConfig: Setting CVar [[s.LevelStreamingActorsUpdateTimeLimit:5.0]]
LogConfig: Setting CVar [[s.PriorityLevelStreamingActorsUpdateExtraTime:5.0]]
LogConfig: Setting CVar [[s.LevelStreamingComponentsRegistrationGranularity:10]]
LogConfig: Setting CVar [[s.UnregisterComponentsTimeLimit:1.0]]
LogConfig: Setting CVar [[s.LevelStreamingComponentsUnregistrationGranularity:5]]
LogConfig: Setting CVar [[s.FlushStreamingOnExit:1]]
LogInit: Object subsystem initialized
LogConfig: Setting CVar [[con.DebugEarlyDefault:1]]
LogConfig: Setting CVar [[r.setres:1280x720]]
[2023.04.01-16.52.54:723][  0]LogConfig: Setting CVar [[con.DebugEarlyDefault:1]]
[2023.04.01-16.52.54:723][  0]LogConfig: Setting CVar [[r.setres:1280x720]]
[2023.04.01-16.52.54:723][  0]LogConfig: Applying CVar settings from Section [/Script/Engine.RendererSettings] File [E:/GameJam/DungeonCrawlerGJ-master/DungeonCrawlerGJ/DungeonCrawlerGJ/Saved/Config/Windows/Engine.ini]
[2023.04.01-16.52.54:723][  0]LogConfig: Setting CVar [[r.GPUCrashDebugging:0]]
[2023.04.01-16.52.54:723][  0]LogConfig: Setting CVar [[r.DefaultFeature.AntiAliasing:0]]
[2023.04.01-16.52.54:723][  0]LogConfig: Setting CVar [[r.DefaultFeature.MotionBlur:0]]
[2023.04.01-16.52.54:723][  0]LogConfig: Applying CVar settings from Section [/Script/Engine.RendererOverrideSettings] File [E:/GameJam/DungeonCrawlerGJ-master/DungeonCrawlerGJ/DungeonCrawlerGJ/Saved/Config/Windows/Engine.ini]
[2023.04.01-16.52.54:723][  0]LogConfig: Applying CVar settings from Section [/Script/Engine.StreamingSettings] File [E:/GameJam/DungeonCrawlerGJ-master/DungeonCrawlerGJ/DungeonCrawlerGJ/Saved/Config/Windows/Engine.ini]
[2023.04.01-16.52.54:723][  0]LogConfig: Setting CVar [[s.MinBulkDataSizeForAsyncLoading:131072]]
[2023.04.01-16.52.54:723][  0]LogConfig: Setting CVar [[s.AsyncLoadingThreadEnabled:0]]
[2023.04.01-16.52.54:723][  0]LogConfig: Setting CVar [[s.EventDrivenLoaderEnabled:1]]
[2023.04.01-16.52.54:723][  0]LogConfig: Setting CVar [[s.WarnIfTimeLimitExceeded:0]]
[2023.04.01-16.52.54:723][  0]LogConfig: Setting CVar [[s.TimeLimitExceededMultiplier:1.5]]
[2023.04.01-16.52.54:723][  0]LogConfig: Setting CVar [[s.TimeLimitExceededMinTime:0.005]]
[2023.04.01-16.52.54:723][  0]LogConfig: Setting CVar [[s.UseBackgroundLevelStreaming:1]]
[2023.04.01-16.52.54:723][  0]LogConfig: Setting CVar [[s.PriorityAsyncLoadingExtraTime:15.0]]
[2023.04.01-16.52.54:723][  0]LogConfig: Setting CVar [[s.LevelStreamingActorsUpdateTimeLimit:5.0]]
[2023.04.01-16.52.54:723][  0]LogConfig: Setting CVar [[s.PriorityLevelStreamingActorsUpdateExtraTime:5.0]]
[2023.04.01-16.52.54:723][  0]LogConfig: Setting CVar [[s.LevelStreamingComponentsRegistrationGranularity:10]]
[2023.04.01-16.52.54:724][  0]LogConfig: Setting CVar [[s.UnregisterComponentsTimeLimit:1.0]]
[2023.04.01-16.52.54:724][  0]LogConfig: Setting CVar [[s.LevelStreamingComponentsUnregistrationGranularity:5]]
[2023.04.01-16.52.54:724][  0]LogConfig: Setting CVar [[s.FlushStreamingOnExit:1]]
[2023.04.01-16.52.54:724][  0]LogConfig: Applying CVar settings from Section [/Script/Engine.GarbageCollectionSettings] File [E:/GameJam/DungeonCrawlerGJ-master/DungeonCrawlerGJ/DungeonCrawlerGJ/Saved/Config/Windows/Engine.ini]
[2023.04.01-16.52.54:724][  0]LogConfig: Setting CVar [[gc.MaxObjectsNotConsideredByGC:1]]
[2023.04.01-16.52.54:724][  0]LogConfig: Setting CVar [[gc.SizeOfPermanentObjectPool:0]]
[2023.04.01-16.52.54:724][  0]LogConfig: Setting CVar [[gc.FlushStreamingOnGC:0]]
[2023.04.01-16.52.54:724][  0]LogConfig: Setting CVar [[gc.NumRetriesBeforeForcingGC:10]]
[2023.04.01-16.52.54:724][  0]LogConfig: Setting CVar [[gc.AllowParallelGC:1]]
[2023.04.01-16.52.54:724][  0]LogConfig: Setting CVar [[gc.TimeBetweenPurgingPendingKillObjects:61.1]]
[2023.04.01-16.52.54:724][  0]LogConfig: Setting CVar [[gc.MaxObjectsInEditor:25165824]]
[2023.04.01-16.52.54:724][  0]LogConfig: Setting CVar [[gc.IncrementalBeginDestroyEnabled:1]]
[2023.04.01-16.52.54:724][  0]LogConfig: Setting CVar [[gc.CreateGCClusters:1]]
[2023.04.01-16.52.54:724][  0]LogConfig: Setting CVar [[gc.MinGCClusterSize:5]]
[2023.04.01-16.52.54:724][  0]LogConfig: Setting CVar [[gc.ActorClusteringEnabled:0]]
[2023.04.01-16.52.54:724][  0]LogConfig: Setting CVar [[gc.BlueprintClusteringEnabled:0]]
[2023.04.01-16.52.54:724][  0]LogConfig: Setting CVar [[gc.UseDisregardForGCOnDedicatedServers:0]]
[2023.04.01-16.52.54:724][  0]LogConfig: Setting CVar [[gc.MultithreadedDestructionEnabled:1]]
[2023.04.01-16.52.54:724][  0]LogConfig: Applying CVar settings from Section [/Script/Engine.NetworkSettings] File [E:/GameJam/DungeonCrawlerGJ-master/DungeonCrawlerGJ/DungeonCrawlerGJ/Saved/Config/Windows/Engine.ini]
[2023.04.01-16.52.54:724][  0]LogConfig: Applying CVar settings from Section [/Script/UnrealEd.CookerSettings] File [E:/GameJam/DungeonCrawlerGJ-master/DungeonCrawlerGJ/DungeonCrawlerGJ/Saved/Config/Windows/Engine.ini]
[2023.04.01-16.52.54:740][  0]LogConfig: Applying CVar settings from Section [ViewDistanceQuality@3] File [E:/GameJam/DungeonCrawlerGJ-master/DungeonCrawlerGJ/DungeonCrawlerGJ/Saved/Config/Windows/Scalability.ini]
[2023.04.01-16.52.54:740][  0]LogConfig: Setting CVar [[r.SkeletalMeshLODBias:0]]
[2023.04.01-16.52.54:741][  0]LogConfig: Setting CVar [[r.ViewDistanceScale:1.0]]
[2023.04.01-16.52.54:741][  0]LogConfig: Applying CVar settings from Section [AntiAliasingQuality@3] File [E:/GameJam/DungeonCrawlerGJ-master/DungeonCrawlerGJ/DungeonCrawlerGJ/Saved/Config/Windows/Scalability.ini]
[2023.04.01-16.52.54:741][  0]LogConfig: Setting CVar [[r.PostProcessAAQuality:4]]
[2023.04.01-16.52.54:741][  0]LogConfig: Applying CVar settings from Section [ShadowQuality@3] File [E:/GameJam/DungeonCrawlerGJ-master/DungeonCrawlerGJ/DungeonCrawlerGJ/Saved/Config/Windows/Scalability.ini]
[2023.04.01-16.52.54:741][  0]LogConfig: Setting CVar [[r.LightFunctionQuality:1]]
[2023.04.01-16.52.54:741][  0]LogConfig: Setting CVar [[r.ShadowQuality:5]]
[2023.04.01-16.52.54:741][  0]LogConfig: Setting CVar [[r.Shadow.CSM.MaxCascades:10]]
[2023.04.01-16.52.54:741][  0]LogConfig: Setting CVar [[r.Shadow.MaxResolution:2048]]
[2023.04.01-16.52.54:741][  0]LogConfig: Setting CVar [[r.Shadow.MaxCSMResolution:2048]]
[2023.04.01-16.52.54:741][  0]LogConfig: Setting CVar [[r.Shadow.RadiusThreshold:0.01]]
[2023.04.01-16.52.54:741][  0]LogConfig: Setting CVar [[r.Shadow.DistanceScale:1.0]]
[2023.04.01-16.52.54:741][  0]LogConfig: Setting CVar [[r.Shadow.CSM.TransitionScale:1.0]]
[2023.04.01-16.52.54:741][  0]LogConfig: Setting CVar [[r.Shadow.PreShadowResolutionFactor:1.0]]
[2023.04.01-16.52.54:741][  0]LogConfig: Setting CVar [[r.DistanceFieldShadowing:1]]
[2023.04.01-16.52.54:741][  0]LogConfig: Setting CVar [[r.DistanceFieldAO:1]]
[2023.04.01-16.52.54:741][  0]LogConfig: Setting CVar [[r.AOQuality:2]]
[2023.04.01-16.52.54:741][  0]LogConfig: Setting CVar [[r.VolumetricFog:1]]
[2023.04.01-16.52.54:741][  0]LogConfig: Setting CVar [[r.VolumetricFog.GridPixelSize:8]]
[2023.04.01-16.52.54:741][  0]LogConfig: Setting CVar [[r.VolumetricFog.GridSizeZ:128]]
[2023.04.01-16.52.54:741][  0]LogConfig: Setting CVar [[r.VolumetricFog.HistoryMissSupersampleCount:4]]
[2023.04.01-16.52.54:741][  0]LogConfig: Setting CVar [[r.LightMaxDrawDistanceScale:1]]
[2023.04.01-16.52.54:741][  0]LogConfig: Setting CVar [[r.CapsuleShadows:1]]
[2023.04.01-16.52.54:741][  0]LogConfig: Applying CVar settings from Section [PostProcessQuality@3] File [E:/GameJam/DungeonCrawlerGJ-master/DungeonCrawlerGJ/DungeonCrawlerGJ/Saved/Config/Windows/Scalability.ini]
[2023.04.01-16.52.54:741][  0]LogConfig: Setting CVar [[r.MotionBlurQuality:4]]
[2023.04.01-16.52.54:741][  0]LogConfig: Setting CVar [[r.AmbientOcclusionMipLevelFactor:0.4]]
[2023.04.01-16.52.54:741][  0]LogConfig: Setting CVar [[r.AmbientOcclusionMaxQuality:100]]
[2023.04.01-16.52.54:741][  0]LogConfig: Setting CVar [[r.AmbientOcclusionLevels:-1]]
[2023.04.01-16.52.54:741][  0]LogConfig: Setting CVar [[r.AmbientOcclusionRadiusScale:1.0]]
[2023.04.01-16.52.54:741][  0]LogConfig: Setting CVar [[r.DepthOfFieldQuality:2]]
[2023.04.01-16.52.54:741][  0]LogConfig: Setting CVar [[r.RenderTargetPoolMin:400]]
[2023.04.01-16.52.54:741][  0]LogConfig: Setting CVar [[r.LensFlareQuality:2]]
[2023.04.01-16.52.54:741][  0]LogConfig: Setting CVar [[r.SceneColorFringeQuality:1]]
[2023.04.01-16.52.54:741][  0]LogConfig: Setting CVar [[r.EyeAdaptationQuality:2]]
[2023.04.01-16.52.54:741][  0]LogConfig: Setting CVar [[r.BloomQuality:5]]
[2023.04.01-16.52.54:741][  0]LogConfig: Setting CVar [[r.FastBlurThreshold:100]]
[2023.04.01-16.52.54:741][  0]LogConfig: Setting CVar [[r.Upscale.Quality:3]]
[2023.04.01-16.52.54:741][  0]LogConfig: Setting CVar [[r.Tonemapper.GrainQuantization:1]]
[2023.04.01-16.52.54:741][  0]LogConfig: Setting CVar [[r.LightShaftQuality:1]]
[2023.04.01-16.52.54:741][  0]LogConfig: Setting CVar [[r.Filter.SizeScale:1]]
[2023.04.01-16.52.54:741][  0]LogConfig: Setting CVar [[r.Tonemapper.Quality:5]]
[2023.04.01-16.52.54:741][  0]LogConfig: Setting CVar [[r.DOF.Gather.AccumulatorQuality:1        ; higher gathering accumulator quality]]
[2023.04.01-16.52.54:741][  0]LogConfig: Setting CVar [[r.DOF.Gather.PostfilterMethod:1          ; Median3x3 postfilering method]]
[2023.04.01-16.52.54:741][  0]LogConfig: Setting CVar [[r.DOF.Gather.EnableBokehSettings:0       ; no bokeh simulation when gathering]]
[2023.04.01-16.52.54:741][  0]LogConfig: Setting CVar [[r.DOF.Gather.RingCount:4                 ; medium number of samples when gathering]]
[2023.04.01-16.52.54:741][  0]LogConfig: Setting CVar [[r.DOF.Scatter.ForegroundCompositing:1    ; additive foreground scattering]]
[2023.04.01-16.52.54:741][  0]LogConfig: Setting CVar [[r.DOF.Scatter.BackgroundCompositing:2    ; additive background scattering]]
[2023.04.01-16.52.54:741][  0]LogConfig: Setting CVar [[r.DOF.Scatter.EnableBokehSettings:1      ; bokeh simulation when scattering]]
[2023.04.01-16.52.54:741][  0]LogConfig: Setting CVar [[r.DOF.Scatter.MaxSpriteRatio:0.1         ; only a maximum of 10% of scattered bokeh]]
[2023.04.01-16.52.54:741][  0]LogConfig: Setting CVar [[r.DOF.Recombine.Quality:1                ; cheap slight out of focus]]
[2023.04.01-16.52.54:741][  0]LogConfig: Setting CVar [[r.DOF.Recombine.EnableBokehSettings:0    ; no bokeh simulation on slight out of focus]]
[2023.04.01-16.52.54:741][  0]LogConfig: Setting CVar [[r.DOF.TemporalAAQuality:1                ; more stable temporal accumulation]]
[2023.04.01-16.52.54:741][  0]LogConfig: Setting CVar [[r.DOF.Kernel.MaxForegroundRadius:0.025]]
[2023.04.01-16.52.54:741][  0]LogConfig: Setting CVar [[r.DOF.Kernel.MaxBackgroundRadius:0.025]]
[2023.04.01-16.52.54:741][  0]LogConfig: Applying CVar settings from Section [TextureQuality@3] File [E:/GameJam/DungeonCrawlerGJ-master/DungeonCrawlerGJ/DungeonCrawlerGJ/Saved/Config/Windows/Scalability.ini]
[2023.04.01-16.52.54:741][  0]LogConfig: Setting CVar [[r.Streaming.MipBias:0]]
[2023.04.01-16.52.54:741][  0]LogConfig: Setting CVar [[r.Streaming.AmortizeCPUToGPUCopy:0]]
[2023.04.01-16.52.54:741][  0]LogConfig: Setting CVar [[r.Streaming.MaxNumTexturesToStreamPerFrame:0]]
[2023.04.01-16.52.54:741][  0]LogConfig: Setting CVar [[r.Streaming.Boost:1]]
[2023.04.01-16.52.54:741][  0]LogConfig: Setting CVar [[r.MaxAnisotropy:8]]
[2023.04.01-16.52.54:741][  0]LogConfig: Setting CVar [[r.VT.MaxAnisotropy:8]]
[2023.04.01-16.52.54:741][  0]LogConfig: Setting CVar [[r.Streaming.LimitPoolSizeToVRAM:0]]
[2023.04.01-16.52.54:741][  0]LogConfig: Setting CVar [[r.Streaming.PoolSize:1000]]
[2023.04.01-16.52.54:741][  0]LogConfig: Setting CVar [[r.Streaming.MaxEffectiveScreenSize:0]]
[2023.04.01-16.52.54:741][  0]LogConfig: Applying CVar settings from Section [EffectsQuality@3] File [E:/GameJam/DungeonCrawlerGJ-master/DungeonCrawlerGJ/DungeonCrawlerGJ/Saved/Config/Windows/Scalability.ini]
[2023.04.01-16.52.54:741][  0]LogConfig: Setting CVar [[r.TranslucencyLightingVolumeDim:64]]
[2023.04.01-16.52.54:741][  0]LogConfig: Setting CVar [[r.RefractionQuality:2]]
[2023.04.01-16.52.54:741][  0]LogConfig: Setting CVar [[r.SSR.Quality:3]]
[2023.04.01-16.52.54:741][  0]LogConfig: Setting CVar [[r.SSR.HalfResSceneColor:0]]
[2023.04.01-16.52.54:741][  0]LogConfig: Setting CVar [[r.SceneColorFormat:4]]
[2023.04.01-16.52.54:741][  0]LogConfig: Setting CVar [[r.DetailMode:2]]
[2023.04.01-16.52.54:741][  0]LogConfig: Setting CVar [[r.TranslucencyVolumeBlur:1]]
[2023.04.01-16.52.54:741][  0]LogConfig: Setting CVar [[r.MaterialQualityLevel:1 ; High quality]]
[2023.04.01-16.52.54:741][  0]LogConfig: Setting CVar [[r.AnisotropicMaterials:1]]
[2023.04.01-16.52.54:741][  0]LogConfig: Setting CVar [[r.SSS.Scale:1]]
[2023.04.01-16.52.54:741][  0]LogConfig: Setting CVar [[r.SSS.SampleSet:2]]
[2023.04.01-16.52.54:741][  0]LogConfig: Setting CVar [[r.SSS.Quality:1]]
[2023.04.01-16.52.54:741][  0]LogConfig: Setting CVar [[r.SSS.HalfRes:0]]
[2023.04.01-16.52.54:741][  0]LogConfig: Setting CVar [[r.SSGI.Quality:3]]
[2023.04.01-16.52.54:741][  0]LogConfig: Setting CVar [[r.EmitterSpawnRateScale:1.0]]
[2023.04.01-16.52.54:741][  0]LogConfig: Setting CVar [[r.ParticleLightQuality:2]]
[2023.04.01-16.52.54:741][  0]LogConfig: Setting CVar [[r.SkyAtmosphere.AerialPerspectiveLUT.FastApplyOnOpaque:1 ; Always have FastSkyLUT 1 in this case to avoid wrong sky]]
[2023.04.01-16.52.54:741][  0]LogConfig: Setting CVar [[r.SkyAtmosphere.AerialPerspectiveLUT.SampleCountMaxPerSlice:4]]
[2023.04.01-16.52.54:741][  0]LogConfig: Setting CVar [[r.SkyAtmosphere.AerialPerspectiveLUT.DepthResolution:16.0]]
[2023.04.01-16.52.54:741][  0]LogConfig: Setting CVar [[r.SkyAtmosphere.FastSkyLUT:1]]
[2023.04.01-16.52.54:741][  0]LogConfig: Setting CVar [[r.SkyAtmosphere.FastSkyLUT.SampleCountMin:4.0]]
[2023.04.01-16.52.54:741][  0]LogConfig: Setting CVar [[r.SkyAtmosphere.FastSkyLUT.SampleCountMax:128.0]]
[2023.04.01-16.52.54:741][  0]LogConfig: Setting CVar [[r.SkyAtmosphere.SampleCountMin:4.0]]
[2023.04.01-16.52.54:741][  0]LogConfig: Setting CVar [[r.SkyAtmosphere.SampleCountMax:128.0]]
[2023.04.01-16.52.54:741][  0]LogConfig: Setting CVar [[r.SkyAtmosphere.TransmittanceLUT.UseSmallFormat:0]]
[2023.04.01-16.52.54:741][  0]LogConfig: Setting CVar [[r.SkyAtmosphere.TransmittanceLUT.SampleCount:10.0]]
[2023.04.01-16.52.54:741][  0]LogConfig: Setting CVar [[r.SkyAtmosphere.MultiScatteringLUT.SampleCount:15.0]]
[2023.04.01-16.52.54:741][  0]LogConfig: Setting CVar [[r.SkyLight.RealTimeReflectionCapture:1]]
[2023.04.01-16.52.54:741][  0]LogConfig: Applying CVar settings from Section [FoliageQuality@3] File [E:/GameJam/DungeonCrawlerGJ-master/DungeonCrawlerGJ/DungeonCrawlerGJ/Saved/Config/Windows/Scalability.ini]
[2023.04.01-16.52.54:741][  0]LogConfig: Setting CVar [[foliage.DensityScale:1.0]]
[2023.04.01-16.52.54:741][  0]LogConfig: Setting CVar [[grass.DensityScale:1.0]]
[2023.04.01-16.52.54:741][  0]LogConfig: Applying CVar settings from Section [ShadingQuality@3] File [E:/GameJam/DungeonCrawlerGJ-master/DungeonCrawlerGJ/DungeonCrawlerGJ/Saved/Config/Windows/Scalability.ini]
[2023.04.01-16.52.54:742][  0]LogConfig: Setting CVar [[r.HairStrands.SkyLighting.IntegrationType:2]]
[2023.04.01-16.52.54:742][  0]LogConfig: Setting CVar [[r.HairStrands.SkyAO.SampleCount:4]]
[2023.04.01-16.52.54:742][  0]LogConfig: Setting CVar [[r.HairStrands.Visibility.MSAA.SamplePerPixel:4]]
[2023.04.01-16.52.54:742][  0]LogInit: Selected Device Profile: [Windows]
[2023.04.01-16.52.54:742][  0]LogInit: Applying CVar settings loaded from the selected device profile: [Windows]
[2023.04.01-16.52.54:742][  0]LogHAL: Display: Platform has ~ 32 GB [34282479616 / 34359738368 / 32], which maps to Largest [LargestMinGB=32, LargerMinGB=12, DefaultMinGB=8, SmallerMinGB=6, SmallestMinGB=0)
[2023.04.01-16.52.54:742][  0]LogInit: Going up to parent DeviceProfile []
[2023.04.01-16.52.54:742][  0]LogConfig: Applying CVar settings from Section [ViewDistanceQuality@3] File [E:/GameJam/DungeonCrawlerGJ-master/DungeonCrawlerGJ/DungeonCrawlerGJ/Saved/Config/Windows/Scalability.ini]
[2023.04.01-16.52.54:742][  0]LogConfig: Setting CVar [[r.SkeletalMeshLODBias:0]]
[2023.04.01-16.52.54:742][  0]LogConfig: Setting CVar [[r.ViewDistanceScale:1.0]]
[2023.04.01-16.52.54:742][  0]LogConfig: Applying CVar settings from Section [AntiAliasingQuality@3] File [E:/GameJam/DungeonCrawlerGJ-master/DungeonCrawlerGJ/DungeonCrawlerGJ/Saved/Config/Windows/Scalability.ini]
[2023.04.01-16.52.54:742][  0]LogConfig: Setting CVar [[r.PostProcessAAQuality:4]]
[2023.04.01-16.52.54:742][  0]LogConfig: Applying CVar settings from Section [ShadowQuality@3] File [E:/GameJam/DungeonCrawlerGJ-master/DungeonCrawlerGJ/DungeonCrawlerGJ/Saved/Config/Windows/Scalability.ini]
[2023.04.01-16.52.54:742][  0]LogConfig: Setting CVar [[r.LightFunctionQuality:1]]
[2023.04.01-16.52.54:742][  0]LogConfig: Setting CVar [[r.ShadowQuality:5]]
[2023.04.01-16.52.54:742][  0]LogConfig: Setting CVar [[r.Shadow.CSM.MaxCascades:10]]
[2023.04.01-16.52.54:742][  0]LogConfig: Setting CVar [[r.Shadow.MaxResolution:2048]]
[2023.04.01-16.52.54:742][  0]LogConfig: Setting CVar [[r.Shadow.MaxCSMResolution:2048]]
[2023.04.01-16.52.54:742][  0]LogConfig: Setting CVar [[r.Shadow.RadiusThreshold:0.01]]
[2023.04.01-16.52.54:742][  0]LogConfig: Setting CVar [[r.Shadow.DistanceScale:1.0]]
[2023.04.01-16.52.54:742][  0]LogConfig: Setting CVar [[r.Shadow.CSM.TransitionScale:1.0]]
[2023.04.01-16.52.54:742][  0]LogConfig: Setting CVar [[r.Shadow.PreShadowResolutionFactor:1.0]]
[2023.04.01-16.52.54:742][  0]LogConfig: Setting CVar [[r.DistanceFieldShadowing:1]]
[2023.04.01-16.52.54:742][  0]LogConfig: Setting CVar [[r.DistanceFieldAO:1]]
[2023.04.01-16.52.54:742][  0]LogConfig: Setting CVar [[r.AOQuality:2]]
[2023.04.01-16.52.54:742][  0]LogConfig: Setting CVar [[r.VolumetricFog:1]]
[2023.04.01-16.52.54:742][  0]LogConfig: Setting CVar [[r.VolumetricFog.GridPixelSize:8]]
[2023.04.01-16.52.54:742][  0]LogConfig: Setting CVar [[r.VolumetricFog.GridSizeZ:128]]
[2023.04.01-16.52.54:742][  0]LogConfig: Setting CVar [[r.VolumetricFog.HistoryMissSupersampleCount:4]]
[2023.04.01-16.52.54:742][  0]LogConfig: Setting CVar [[r.LightMaxDrawDistanceScale:1]]
[2023.04.01-16.52.54:742][  0]LogConfig: Setting CVar [[r.CapsuleShadows:1]]
[2023.04.01-16.52.54:742][  0]LogConfig: Applying CVar settings from Section [PostProcessQuality@3] File [E:/GameJam/DungeonCrawlerGJ-master/DungeonCrawlerGJ/DungeonCrawlerGJ/Saved/Config/Windows/Scalability.ini]
[2023.04.01-16.52.54:742][  0]LogConfig: Setting CVar [[r.MotionBlurQuality:4]]
[2023.04.01-16.52.54:742][  0]LogConfig: Setting CVar [[r.AmbientOcclusionMipLevelFactor:0.4]]
[2023.04.01-16.52.54:742][  0]LogConfig: Setting CVar [[r.AmbientOcclusionMaxQuality:100]]
[2023.04.01-16.52.54:742][  0]LogConfig: Setting CVar [[r.AmbientOcclusionLevels:-1]]
[2023.04.01-16.52.54:742][  0]LogConfig: Setting CVar [[r.AmbientOcclusionRadiusScale:1.0]]
[2023.04.01-16.52.54:742][  0]LogConfig: Setting CVar [[r.DepthOfFieldQuality:2]]
[2023.04.01-16.52.54:742][  0]LogConfig: Setting CVar [[r.RenderTargetPoolMin:400]]
[2023.04.01-16.52.54:742][  0]LogConfig: Setting CVar [[r.LensFlareQuality:2]]
[2023.04.01-16.52.54:742][  0]LogConfig: Setting CVar [[r.SceneColorFringeQuality:1]]
[2023.04.01-16.52.54:742][  0]LogConfig: Setting CVar [[r.EyeAdaptationQuality:2]]
[2023.04.01-16.52.54:742][  0]LogConfig: Setting CVar [[r.BloomQuality:5]]
[2023.04.01-16.52.54:742][  0]LogConfig: Setting CVar [[r.FastBlurThreshold:100]]
[2023.04.01-16.52.54:742][  0]LogConfig: Setting CVar [[r.Upscale.Quality:3]]
[2023.04.01-16.52.54:742][  0]LogConfig: Setting CVar [[r.Tonemapper.GrainQuantization:1]]
[2023.04.01-16.52.54:742][  0]LogConfig: Setting CVar [[r.LightShaftQuality:1]]
[2023.04.01-16.52.54:742][  0]LogConfig: Setting CVar [[r.Filter.SizeScale:1]]
[2023.04.01-16.52.54:742][  0]LogConfig: Setting CVar [[r.Tonemapper.Quality:5]]
[2023.04.01-16.52.54:742][  0]LogConfig: Setting CVar [[r.DOF.Gather.AccumulatorQuality:1        ; higher gathering accumulator quality]]
[2023.04.01-16.52.54:742][  0]LogConfig: Setting CVar [[r.DOF.Gather.PostfilterMethod:1          ; Median3x3 postfilering method]]
[2023.04.01-16.52.54:742][  0]LogConfig: Setting CVar [[r.DOF.Gather.EnableBokehSettings:0       ; no bokeh simulation when gathering]]
[2023.04.01-16.52.54:742][  0]LogConfig: Setting CVar [[r.DOF.Gather.RingCount:4                 ; medium number of samples when gathering]]
[2023.04.01-16.52.54:742][  0]LogConfig: Setting CVar [[r.DOF.Scatter.ForegroundCompositing:1    ; additive foreground scattering]]
[2023.04.01-16.52.54:742][  0]LogConfig: Setting CVar [[r.DOF.Scatter.BackgroundCompositing:2    ; additive background scattering]]
[2023.04.01-16.52.54:742][  0]LogConfig: Setting CVar [[r.DOF.Scatter.EnableBokehSettings:1      ; bokeh simulation when scattering]]
[2023.04.01-16.52.54:742][  0]LogConfig: Setting CVar [[r.DOF.Scatter.MaxSpriteRatio:0.1         ; only a maximum of 10% of scattered bokeh]]
[2023.04.01-16.52.54:742][  0]LogConfig: Setting CVar [[r.DOF.Recombine.Quality:1                ; cheap slight out of focus]]
[2023.04.01-16.52.54:742][  0]LogConfig: Setting CVar [[r.DOF.Recombine.EnableBokehSettings:0    ; no bokeh simulation on slight out of focus]]
[2023.04.01-16.52.54:742][  0]LogConfig: Setting CVar [[r.DOF.TemporalAAQuality:1                ; more stable temporal accumulation]]
[2023.04.01-16.52.54:742][  0]LogConfig: Setting CVar [[r.DOF.Kernel.MaxForegroundRadius:0.025]]
[2023.04.01-16.52.54:742][  0]LogConfig: Setting CVar [[r.DOF.Kernel.MaxBackgroundRadius:0.025]]
[2023.04.01-16.52.54:742][  0]LogConfig: Applying CVar settings from Section [TextureQuality@3] File [E:/GameJam/DungeonCrawlerGJ-master/DungeonCrawlerGJ/DungeonCrawlerGJ/Saved/Config/Windows/Scalability.ini]
[2023.04.01-16.52.54:742][  0]LogConfig: Setting CVar [[r.Streaming.MipBias:0]]
[2023.04.01-16.52.54:742][  0]LogConfig: Setting CVar [[r.Streaming.AmortizeCPUToGPUCopy:0]]
[2023.04.01-16.52.54:742][  0]LogConfig: Setting CVar [[r.Streaming.MaxNumTexturesToStreamPerFrame:0]]
[2023.04.01-16.52.54:742][  0]LogConfig: Setting CVar [[r.Streaming.Boost:1]]
[2023.04.01-16.52.54:742][  0]LogConfig: Setting CVar [[r.MaxAnisotropy:8]]
[2023.04.01-16.52.54:742][  0]LogConfig: Setting CVar [[r.VT.MaxAnisotropy:8]]
[2023.04.01-16.52.54:742][  0]LogConfig: Setting CVar [[r.Streaming.LimitPoolSizeToVRAM:0]]
[2023.04.01-16.52.54:742][  0]LogConfig: Setting CVar [[r.Streaming.PoolSize:1000]]
[2023.04.01-16.52.54:742][  0]LogConfig: Setting CVar [[r.Streaming.MaxEffectiveScreenSize:0]]
[2023.04.01-16.52.54:742][  0]LogConfig: Applying CVar settings from Section [EffectsQuality@3] File [E:/GameJam/DungeonCrawlerGJ-master/DungeonCrawlerGJ/DungeonCrawlerGJ/Saved/Config/Windows/Scalability.ini]
[2023.04.01-16.52.54:742][  0]LogConfig: Setting CVar [[r.TranslucencyLightingVolumeDim:64]]
[2023.04.01-16.52.54:742][  0]LogConfig: Setting CVar [[r.RefractionQuality:2]]
[2023.04.01-16.52.54:742][  0]LogConfig: Setting CVar [[r.SSR.Quality:3]]
[2023.04.01-16.52.54:742][  0]LogConfig: Setting CVar [[r.SSR.HalfResSceneColor:0]]
[2023.04.01-16.52.54:742][  0]LogConfig: Setting CVar [[r.SceneColorFormat:4]]
[2023.04.01-16.52.54:742][  0]LogConfig: Setting CVar [[r.DetailMode:2]]
[2023.04.01-16.52.54:742][  0]LogConfig: Setting CVar [[r.TranslucencyVolumeBlur:1]]
[2023.04.01-16.52.54:742][  0]LogConfig: Setting CVar [[r.MaterialQualityLevel:1 ; High quality]]
[2023.04.01-16.52.54:742][  0]LogConfig: Setting CVar [[r.AnisotropicMaterials:1]]
[2023.04.01-16.52.54:742][  0]LogConfig: Setting CVar [[r.SSS.Scale:1]]
[2023.04.01-16.52.54:742][  0]LogConfig: Setting CVar [[r.SSS.SampleSet:2]]
[2023.04.01-16.52.54:742][  0]LogConfig: Setting CVar [[r.SSS.Quality:1]]
[2023.04.01-16.52.54:742][  0]LogConfig: Setting CVar [[r.SSS.HalfRes:0]]
[2023.04.01-16.52.54:742][  0]LogConfig: Setting CVar [[r.SSGI.Quality:3]]
[2023.04.01-16.52.54:742][  0]LogConfig: Setting CVar [[r.EmitterSpawnRateScale:1.0]]
[2023.04.01-16.52.54:742][  0]LogConfig: Setting CVar [[r.ParticleLightQuality:2]]
[2023.04.01-16.52.54:742][  0]LogConfig: Setting CVar [[r.SkyAtmosphere.AerialPerspectiveLUT.FastApplyOnOpaque:1 ; Always have FastSkyLUT 1 in this case to avoid wrong sky]]
[2023.04.01-16.52.54:742][  0]LogConfig: Setting CVar [[r.SkyAtmosphere.AerialPerspectiveLUT.SampleCountMaxPerSlice:4]]
[2023.04.01-16.52.54:742][  0]LogConfig: Setting CVar [[r.SkyAtmosphere.AerialPerspectiveLUT.DepthResolution:16.0]]
[2023.04.01-16.52.54:742][  0]LogConfig: Setting CVar [[r.SkyAtmosphere.FastSkyLUT:1]]
[2023.04.01-16.52.54:742][  0]LogConfig: Setting CVar [[r.SkyAtmosphere.FastSkyLUT.SampleCountMin:4.0]]
[2023.04.01-16.52.54:743][  0]LogConfig: Setting CVar [[r.SkyAtmosphere.FastSkyLUT.SampleCountMax:128.0]]
[2023.04.01-16.52.54:743][  0]LogConfig: Setting CVar [[r.SkyAtmosphere.SampleCountMin:4.0]]
[2023.04.01-16.52.54:743][  0]LogConfig: Setting CVar [[r.SkyAtmosphere.SampleCountMax:128.0]]
[2023.04.01-16.52.54:743][  0]LogConfig: Setting CVar [[r.SkyAtmosphere.TransmittanceLUT.UseSmallFormat:0]]
[2023.04.01-16.52.54:743][  0]LogConfig: Setting CVar [[r.SkyAtmosphere.TransmittanceLUT.SampleCount:10.0]]
[2023.04.01-16.52.54:743][  0]LogConfig: Setting CVar [[r.SkyAtmosphere.MultiScatteringLUT.SampleCount:15.0]]
[2023.04.01-16.52.54:743][  0]LogConfig: Setting CVar [[r.SkyLight.RealTimeReflectionCapture:1]]
[2023.04.01-16.52.54:743][  0]LogConfig: Applying CVar settings from Section [FoliageQuality@3] File [E:/GameJam/DungeonCrawlerGJ-master/DungeonCrawlerGJ/DungeonCrawlerGJ/Saved/Config/Windows/Scalability.ini]
[2023.04.01-16.52.54:743][  0]LogConfig: Setting CVar [[foliage.DensityScale:1.0]]
[2023.04.01-16.52.54:743][  0]LogConfig: Setting CVar [[grass.DensityScale:1.0]]
[2023.04.01-16.52.54:743][  0]LogConfig: Applying CVar settings from Section [ShadingQuality@3] File [E:/GameJam/DungeonCrawlerGJ-master/DungeonCrawlerGJ/DungeonCrawlerGJ/Saved/Config/Windows/Scalability.ini]
[2023.04.01-16.52.54:743][  0]LogConfig: Setting CVar [[r.HairStrands.SkyLighting.IntegrationType:2]]
[2023.04.01-16.52.54:743][  0]LogConfig: Setting CVar [[r.HairStrands.SkyAO.SampleCount:4]]
[2023.04.01-16.52.54:743][  0]LogConfig: Setting CVar [[r.HairStrands.Visibility.MSAA.SamplePerPixel:4]]
[2023.04.01-16.52.54:743][  0]LogConfig: Applying CVar settings from Section [Startup] File [../../../Engine/Config/ConsoleVariables.ini]
[2023.04.01-16.52.54:743][  0]LogConfig: Setting CVar [[net.UseAdaptiveNetUpdateFrequency:0]]
[2023.04.01-16.52.54:743][  0]LogConfig: Setting CVar [[p.chaos.AllowCreatePhysxBodies:1]]
[2023.04.01-16.52.54:743][  0]LogConfig: Setting CVar [[fx.SkipVectorVMBackendOptimizations:1]]
[2023.04.01-16.52.54:743][  0]LogConfig: Applying CVar settings from Section [ConsoleVariables] File [E:/GameJam/DungeonCrawlerGJ-master/DungeonCrawlerGJ/DungeonCrawlerGJ/Saved/Config/Windows/Engine.ini]
[2023.04.01-16.52.54:743][  0]LogConfig: Applying CVar settings from Section [ConsoleVariables] File [E:/GameJam/DungeonCrawlerGJ-master/DungeonCrawlerGJ/DungeonCrawlerGJ/Saved/Config/Windows/Editor.ini]
[2023.04.01-16.52.54:743][  0]LogInit: Computer: DESKTOP-PU73EVR
[2023.04.01-16.52.54:743][  0]LogInit: User: joeyg
[2023.04.01-16.52.54:743][  0]LogInit: CPU Page size=4096, Cores=8
[2023.04.01-16.52.54:743][  0]LogInit: High frequency timer resolution =10.000000 MHz
[2023.04.01-16.52.54:743][  0]LogMemory: Memory total: Physical=31.9GB (32GB approx)
[2023.04.01-16.52.54:743][  0]LogMemory: Platform Memory Stats for Windows
[2023.04.01-16.52.54:743][  0]LogMemory: Process Physical Memory: 157.36 MB used, 157.36 MB peak
[2023.04.01-16.52.54:743][  0]LogMemory: Process Virtual Memory: 141.27 MB used, 141.27 MB peak
[2023.04.01-16.52.54:743][  0]LogMemory: Physical Memory: 15113.59 MB used,  17580.73 MB free, 32694.32 MB total
[2023.04.01-16.52.54:743][  0]LogMemory: Virtual Memory: 134200616.00 MB used,  17109.46 MB free, 134217728.00 MB total
[2023.04.01-16.52.54:748][  0]LogWindows: WindowsPlatformFeatures enabled
[2023.04.01-16.52.54:785][  0]LogInit: Physics initialised using underlying interface: PhysX
[2023.04.01-16.52.54:785][  0]LogInit: Using OS detected language (fr-FR).
[2023.04.01-16.52.54:785][  0]LogInit: Using OS detected locale (fr-FR).
[2023.04.01-16.52.54:787][  0]LogTextLocalizationManager: No specific localization for 'fr-FR' exists, so the 'fr' localization will be used.
[2023.04.01-16.52.54:789][  0]LogTextLocalizationResource: LocRes '../../../Engine/Content/Localization/Editor/fr/Editor.locres' could not be opened for reading!
[2023.04.01-16.52.54:789][  0]LogTextLocalizationResource: LocRes '../../../Engine/Content/Localization/EditorTutorials/fr/EditorTutorials.locres' could not be opened for reading!
[2023.04.01-16.52.54:789][  0]LogTextLocalizationResource: LocRes '../../../Engine/Content/Localization/Keywords/fr/Keywords.locres' could not be opened for reading!
[2023.04.01-16.52.54:789][  0]LogTextLocalizationResource: LocRes '../../../Engine/Content/Localization/Category/fr/Category.locres' could not be opened for reading!
[2023.04.01-16.52.54:789][  0]LogTextLocalizationResource: LocRes '../../../Engine/Content/Localization/ToolTips/fr/ToolTips.locres' could not be opened for reading!
[2023.04.01-16.52.54:789][  0]LogTextLocalizationResource: LocRes '../../../Engine/Content/Localization/PropertyNames/fr/PropertyNames.locres' could not be opened for reading!
[2023.04.01-16.52.54:790][  0]LogTextLocalizationResource: LocRes '../../../Engine/Content/Localization/Engine/fr/Engine.locres' could not be opened for reading!
[2023.04.01-16.52.54:799][  0]LogWindowsTextInputMethodSystem: Display: IME system deactivated.
[2023.04.01-16.52.54:831][  0]LogSlate: New Slate User Created.  User Index 0, Is Virtual User: 0
[2023.04.01-16.52.54:831][  0]LogSlate: Slate User Registered.  User Index 0, Is Virtual User: 0
[2023.04.01-16.52.54:855][  0]LogD3D11RHI: Loaded GFSDK_Aftermath_Lib.x64.dll
[2023.04.01-16.52.54:858][  0]LogHMD: Failed to initialize OpenVR with code 110
[2023.04.01-16.52.54:858][  0]LogD3D11RHI: D3D11 min allowed feature level: 11_0
[2023.04.01-16.52.54:858][  0]LogD3D11RHI: D3D11 max allowed feature level: 11_0
[2023.04.01-16.52.54:858][  0]LogD3D11RHI: D3D11 adapters:
[2023.04.01-16.52.54:947][  0]LogD3D11RHI:    0. 'NVIDIA GeForce RTX 3060' (Feature Level 11_0)
[2023.04.01-16.52.54:947][  0]LogD3D11RHI:       12142/0/16347 MB DedicatedVideo/DedicatedSystem/SharedSystem, Outputs:1, VendorId:0x10de
[2023.04.01-16.52.54:949][  0]LogD3D11RHI:    1. 'Microsoft Basic Render Driver' (Feature Level 11_0)
[2023.04.01-16.52.54:949][  0]LogD3D11RHI:       0/0/16347 MB DedicatedVideo/DedicatedSystem/SharedSystem, Outputs:0, VendorId:0x1414
[2023.04.01-16.52.54:949][  0]LogD3D11RHI: Chosen D3D11 Adapter:
[2023.04.01-16.52.54:949][  0]LogD3D11RHI:     Description : NVIDIA GeForce RTX 3060
[2023.04.01-16.52.54:949][  0]LogD3D11RHI:     VendorId    : 10de
[2023.04.01-16.52.54:949][  0]LogD3D11RHI:     DeviceId    : 2504
[2023.04.01-16.52.54:949][  0]LogD3D11RHI:     SubSysId    : 40741458
[2023.04.01-16.52.54:949][  0]LogD3D11RHI:     Revision    : 00a1
[2023.04.01-16.52.54:949][  0]LogD3D11RHI:     DedicatedVideoMemory : 12731809792 bytes
[2023.04.01-16.52.54:949][  0]LogD3D11RHI:     DedicatedSystemMemory : 0 bytes
[2023.04.01-16.52.54:949][  0]LogD3D11RHI:     SharedSystemMemory : 17141239808 bytes
[2023.04.01-16.52.54:949][  0]LogD3D11RHI:     AdapterLuid : 0 59762
[2023.04.01-16.52.54:958][  0]LogD3D11RHI: Creating new Direct3DDevice
[2023.04.01-16.52.54:958][  0]LogD3D11RHI:     GPU DeviceId: 0x2504 (for the marketing name, search the web for "GPU Device Id")
[2023.04.01-16.52.54:958][  0]LogWindows: EnumDisplayDevices:
[2023.04.01-16.52.54:958][  0]LogWindows:    0. 'NVIDIA GeForce RTX 3060' (P:1 D:1)
[2023.04.01-16.52.54:958][  0]LogWindows:    1. 'NVIDIA GeForce RTX 3060' (P:0 D:0)
[2023.04.01-16.52.54:959][  0]LogWindows:    2. 'NVIDIA GeForce RTX 3060' (P:0 D:0)
[2023.04.01-16.52.54:959][  0]LogWindows:    3. 'NVIDIA GeForce RTX 3060' (P:0 D:0)
[2023.04.01-16.52.54:959][  0]LogWindows: DebugString: FoundDriverCount:4 
[2023.04.01-16.52.54:959][  0]LogD3D11RHI:     Adapter Name: NVIDIA GeForce RTX 3060
[2023.04.01-16.52.54:959][  0]LogD3D11RHI:   Driver Version: 516.94 (internal:31.0.15.1694, unified:516.94)
[2023.04.01-16.52.54:959][  0]LogD3D11RHI:      Driver Date: 7-21-2022
[2023.04.01-16.52.54:959][  0]LogRHI: Texture pool is 8499 MB (70% of 12142 MB)
[2023.04.01-16.52.54:959][  0]LogD3D11RHI: Creating D3DDevice using adapter:
[2023.04.01-16.52.54:959][  0]LogD3D11RHI:     Description : NVIDIA GeForce RTX 3060
[2023.04.01-16.52.54:959][  0]LogD3D11RHI:     VendorId    : 10de
[2023.04.01-16.52.54:959][  0]LogD3D11RHI:     DeviceId    : 2504
[2023.04.01-16.52.54:959][  0]LogD3D11RHI:     SubSysId    : 40741458
[2023.04.01-16.52.54:959][  0]LogD3D11RHI:     Revision    : 00a1
[2023.04.01-16.52.54:959][  0]LogD3D11RHI:     DedicatedVideoMemory : 12731809792 bytes
[2023.04.01-16.52.54:959][  0]LogD3D11RHI:     DedicatedSystemMemory : 0 bytes
[2023.04.01-16.52.54:959][  0]LogD3D11RHI:     SharedSystemMemory : 17141239808 bytes
[2023.04.01-16.52.54:959][  0]LogD3D11RHI:     AdapterLuid : 0 59762
[2023.04.01-16.52.55:017][  0]LogD3D11RHI: RHI has support for 64 bit atomics
[2023.04.01-16.52.55:017][  0]LogD3D11RHI: Async texture creation enabled
[2023.04.01-16.52.55:017][  0]LogD3D11RHI: Array index from any shader is supported
[2023.04.01-16.52.55:018][  0]LogD3D11RHI: HDR output is supported on display 0 (NvId: 0x80061087).
[2023.04.01-16.52.55:050][  0]LogD3D11RHI: GPU Timing Frequency: 1000.000000 (Debug: 2 1)
[2023.04.01-16.52.55:076][  0]LogRHI: GeForceNow SDK initialized: 1
[2023.04.01-16.52.55:353][  0]LogTargetPlatformManager: Display: Loaded TargetPlatform 'WindowsNoEditor'
[2023.04.01-16.52.55:358][  0]LogTargetPlatformManager: Display: Loaded TargetPlatform 'Windows'
[2023.04.01-16.52.55:362][  0]LogTargetPlatformManager: Display: Loaded TargetPlatform 'WindowsClient'
[2023.04.01-16.52.55:367][  0]LogTargetPlatformManager: Display: Loaded TargetPlatform 'WindowsServer'
[2023.04.01-16.52.55:367][  0]LogTargetPlatformManager: Display: Building Assets For Windows
[2023.04.01-16.52.55:374][  0]LogAudioDebug: Display: Lib vorbis DLL was dynamically loaded.
[2023.04.01-16.52.55:401][  0]LogTextureFormatOodle: Display: Oodle Texture 2.9.0 init RDO Off
[2023.04.01-16.52.55:431][  0]LogRendererCore: Ray tracing is disabled. Reason: r.RayTracing=0.
[2023.04.01-16.52.55:431][  0]LogShaderCompilers: Guid format shader working directory is -23 characters bigger than the processId version (E:/GameJam/DungeonCrawlerGJ-master/DungeonCrawlerGJ/DungeonCrawlerGJ/Intermediate/Shaders/WorkingDirectory/24200/).
[2023.04.01-16.52.55:431][  0]LogShaderCompilers: Cleaned the shader compiler working directory 'C:/Users/joeyg/AppData/Local/Temp/UnrealShaderWorkingDir/FFD4C11F490F2F47E31BBEAA53B03338/'.
[2023.04.01-16.52.55:431][  0]LogXGEController: Cannot use XGE Controller as Incredibuild is not installed on this machine.
[2023.04.01-16.52.55:431][  0]LogShaderCompilers: Cannot use XGE Shader Compiler as Incredibuild is not installed on this machine.
[2023.04.01-16.52.55:431][  0]LogShaderCompilers: Display: Using Local Shader Compiler.
[2023.04.01-16.52.56:126][  0]LogDerivedDataCache: Display: Max Cache Size: 512 MB
[2023.04.01-16.52.56:192][  0]LogDerivedDataCache: Loaded boot cache 0.07s 94MB C:/Users/joeyg/AppData/Local/UnrealEngine/4.27/DerivedDataCache/Boot.ddc.
[2023.04.01-16.52.56:192][  0]LogDerivedDataCache: Display: Loaded Boot cache: C:/Users/joeyg/AppData/Local/UnrealEngine/4.27/DerivedDataCache/Boot.ddc
[2023.04.01-16.52.56:192][  0]LogDerivedDataCache: FDerivedDataBackendGraph:  Pak pak cache file E:/GameJam/DungeonCrawlerGJ-master/DungeonCrawlerGJ/DungeonCrawlerGJ/DerivedDataCache/DDC.ddp not found, will not use a pak cache.
[2023.04.01-16.52.56:192][  0]LogDerivedDataCache: Unable to find inner node Pak for hierarchical cache Hierarchy.
[2023.04.01-16.52.56:192][  0]LogDerivedDataCache: FDerivedDataBackendGraph:  CompressedPak pak cache file E:/GameJam/DungeonCrawlerGJ-master/DungeonCrawlerGJ/DungeonCrawlerGJ/DerivedDataCache/Compressed.ddp not found, will not use a pak cache.
[2023.04.01-16.52.56:192][  0]LogDerivedDataCache: Unable to find inner node CompressedPak for hierarchical cache Hierarchy.
[2023.04.01-16.52.56:214][  0]LogDerivedDataCache: Display: Pak cache opened for reading ../../../Engine/DerivedDataCache/Compressed.ddp.
[2023.04.01-16.52.56:215][  0]LogDerivedDataCache: FDerivedDataBackendGraph:  EnterprisePak pak cache file ../../../Enterprise/DerivedDataCache/Compressed.ddp not found, will not use a pak cache.
[2023.04.01-16.52.56:215][  0]LogDerivedDataCache: Unable to find inner node EnterprisePak for hierarchical cache Hierarchy.
[2023.04.01-16.52.56:223][  0]LogDerivedDataCache: Speed tests for C:/Users/joeyg/AppData/Local/UnrealEngine/Common/DerivedDataCache took 0.01 seconds
[2023.04.01-16.52.56:223][  0]LogDerivedDataCache: Display: Performance to C:/Users/joeyg/AppData/Local/UnrealEngine/Common/DerivedDataCache: Latency=0.04ms. RandomReadSpeed=738.90MBs, RandomWriteSpeed=131.29MBs. Assigned SpeedClass 'Local'
[2023.04.01-16.52.56:225][  0]LogDerivedDataCache: Using Local data cache path C:/Users/joeyg/AppData/Local/UnrealEngine/Common/DerivedDataCache: Writable
[2023.04.01-16.52.56:225][  0]LogDerivedDataCache: Shared data cache path not found in *engine.ini, will not use an Shared cache.
[2023.04.01-16.52.56:225][  0]LogDerivedDataCache: Unable to find inner node Shared for hierarchical cache Hierarchy.
[2023.04.01-16.52.56:305][  0]LogSlate: Using FreeType 2.10.0
[2023.04.01-16.52.56:306][  0]LogSlate: SlateFontServices - WITH_FREETYPE: 1, WITH_HARFBUZZ: 1
[2023.04.01-16.52.56:407][  0]LogInit: Using OS detected language (fr-FR).
[2023.04.01-16.52.56:408][  0]LogInit: Using OS detected locale (fr-FR).
[2023.04.01-16.52.56:408][  0]LogTextLocalizationManager: No localization for 'fr-FR' exists, so 'en' will be used for the language.
[2023.04.01-16.52.56:408][  0]LogTextLocalizationManager: No localization for 'fr-FR' exists, so 'en' will be used for the locale.
[2023.04.01-16.52.56:408][  0]LogSlate: FontCache flush requested. Reason: Culture for localization was changed
[2023.04.01-16.52.56:408][  0]LogSlate: FontCache flush requested. Reason: Culture for localization was changed
[2023.04.01-16.52.56:424][  0]LogAssetRegistry: FAssetRegistry took 0.0016 seconds to start up
[2023.04.01-16.52.56:628][  0]LogTextLocalizationManager: Compacting localization data took   0.01ms
[2023.04.01-16.52.56:628][  0]LogPackageLocalizationCache: Processed 29 localized package path(s) for 1 prioritized culture(s) in 0.008748 seconds
[2023.04.01-16.52.59:369][  0]LogInit: Selected Device Profile: [Windows]
[2023.04.01-16.52.59:369][  0]LogInit: Active device profile: [0000023FE00E0200][0000023FE00CA040 49] Windows
[2023.04.01-16.52.59:369][  0]LogInit: Profiles: [0000023FE00E0200][0000023FE00CA040 49] Windows, [0000023FE00C3F00][0000023FE00C8080 49] WindowsNoEditor, [0000023FDFD0CC00][0000023FE00E8080 49] WindowsServer, [0000023FE00E3F00][0000023FE00EA040 49] WindowsClient, [0000023FE04DF400][0000023FE01C4080 49] IOS, [0000023FE00E0D00][0000023FE01C6040 49] iPadAir, [0000023FE04DC100][0000023FDF9B0080 49] iPadAir2, [0000023FE1C39C00][0000023FE01F8080 49] IPadPro, [0000023FE1C3AA00][0000023FE01FA040 49] iPadAir3, [0000023FE04DD700][0000023FDFCC4080 49] iPadAir4, [0000023FE1C39000][0000023FDFA48080 49] iPadMini2, [0000023FE04DD600][0000023FDFA4A040 49] iPadMini3, [0000023FE1C3B200][0000023FDFAE0080 49] iPadMini4, [0000023FE04DF000][0000023FDFAE2040 49] iPadMini5, [0000023FE17FD500][0000023FDFB14080 49] iPhone6, [0000023FE17FE300][0000023FDFB16040 49] iPodTouch6, [0000023FE1C3B800][0000023FE03B0080 49] iPhone7, [0000023FE1C38E00][0000023FE03B2040 49] iPodTouch7, [0000023FE17FD100][0000023FE03D8080 49] iPhone5S, [0000023FE1C3B700][0000023FE03DA040 49] iPhone6Plus, [0000023FE17FEA00][0000023FDFC6C080 49] iPhone6S, [0000023FE1C38900][0000023FDFC6E040 49] iPhone6SPlus, [0000023FE17FD400][0000023FE0428080 49] iPhone7Plus, [0000023FE1C3B400][0000023FE042A040 49] iPhoneSE, [0000023FE17FED00][0000023FE0298080 49] iPhone8, [0000023FE1C3BF00][0000023FE029A040 49] iPhone8Plus, [0000023FE17FF800][0000023FE0468080 49] iPhoneX, [0000023FE1C3A200][0000023FE046A040 49] iPhoneXS, [0000023FE17FFE00][0000023FE0240080 49] iPhoneXSMax, [0000023FE1C38C00][0000023FE0242040 49] iPhoneXR, [0000023FE17FF000][0000023FE1850080 49] iPhone11, [0000023FE1C3A000][0000023FE1852040 49] iPhone11Pro, [0000023FE17FCA00][0000023FDFA90080 49] iPhone11ProMax, [0000023FE1C38700][0000023FDFA92040 49] iPhoneSE2, [0000023FE17FDD00][0000023FDF9F4080 49] iPhone12Mini, [0000023FE1C38A00][0000023FDF9F6040 49] iPhone12, [0000023FE17FEE00][0000023FDF978080 49] iPhone12Pro, [0000023FE1C38500][0000023FDF97A040 49] iPhone12ProMax, [0000023FE17FFC00][0000023FE02DC080 49] iPadPro105, [0000023FE1C3A300][0000023FE02DE040 49] iPadPro129, [0000023FE17FCB00][0000023FE04AC080 49] iPadPro97, [0000023FE1C39E00][0000023FE04AE040 49] iPadPro2_129, [0000023FE17FEF00][0000023FE0374080 49] iPad5, [0000023FE1C3A500][0000023FE0376040 49] iPad6, [0000023FE17FE900][0000023FE035C080 49] iPad7, [0000023FE1C3BA00][0000023FE035E040 49] iPad8, [0000023FE17FD000][0000023FE1864080 49] iPadPro11, [0000023FE1C3B900][0000023FE1866040 49] iPadPro2_11, [0000023FE17FFF00][0000023FE1C60080 49] iPadPro3_129, [0000023FE1C38D00][0000023FE1C62040 49] iPadPro4_129, [0000023FE17FCD00][0000023FE0174080 49] AppleTV, [0000023FE1C3B300][0000023FE0176040 49] AppleTV4K, [0000023FE17FC900][0000023FDFBE0080 49] TVOS, [0000023FE1C39A00][0000023FDFBE2040 49] Mac, [0000023FE17FE600][0000023FDFBE4080 49] MacClient, [0000023FE1C3A700][0000023FDFBE6040 49] MacNoEditor, [0000023FE17FDF00][0000023FDFBF8080 49] MacServer, [0000023FE00E1E00][0000023FDFBFA040 49] Linux, [0000023FE00C0F00][0000023FDFBD8080 49] LinuxAArch64, [0000023FE00E2400][0000023FDFBDA040 49] LinuxNoEditor, [0000023FE00C3D00][0000023FDFC08080 49] LinuxAArch64NoEditor, [0000023FE00E1100][0000023FDFC0A040 49] LinuxClient, [0000023FE00C3700][0000023FDFBC8080 49] LinuxAArch64Client, [0000023FE00E0400][0000023FDFBCA040 49] LinuxServer, [0000023FE00C2500][0000023FDFC18080 49] LinuxAArch64Server, [0000023FE00E0900][0000023FDFC1A040 49] Android, [0000023FE00C1F00][0000023FDFBB8080 49] Android_Low, [0000023FE00E2700][0000023FDFBBA040 49] Android_Mid, [0000023FE00C2100][0000023FE0254080 49] Android_High, [0000023FE00E3D00][0000023FE0256040 49] Android_Default, [0000023FE00C2900][0000023FE1810080 49] Android_Adreno4xx, [0000023FE00E1D00][0000023FE1812040 49] Android_Adreno5xx_Low, [0000023FE00C2600][0000023FDFA04080 49] Android_Adreno5xx, [0000023FE17FF600][0000023FDFA06040 49] Android_Adreno6xx, [0000023FE00C2300][0000023FDFC2C080 49] Android_Adreno6xx_Vulkan, [0000023FE17FC600][0000023FDFC2E040 49] Android_Mali_T6xx, [0000023FE00C3C00][0000023FE03EC080 49] Android_Mali_T7xx, [0000023FE17FDA00][0000023FE03EE040 49] Android_Mali_T8xx, [0000023FE00C3200][0000023FE1C7C080 49] Android_Mali_G71, [0000023FE17FDE00][0000023FE1C7E040 49] Android_Mali_G72, [0000023FE00C1400][0000023FE0190080 49] Android_Mali_G72_Vulkan, [0000023FE17FF400][0000023FE0192040 49] Android_Mali_G76, [0000023FE00C1A00][0000023FDF95C080 49] Android_Mali_G76_Vulkan, [0000023FE17FE800][0000023FDF95E040 49] Android_Mali_G77, [0000023FE00C3300][0000023FDFA58080 49] Android_Mali_G77_Vulkan, [0000023FE17FE100][0000023FDFA5A040 49] Android_Mali_G78, [0000023FE00C0B00][0000023FE02A8080 49] Android_Mali_G78_Vulkan, [0000023FE17FF700][0000023FE02AA040 49] Android_Mali_G710, [0000023FE00C2F00][0000023FDFBA8080 49] Android_Mali_G710_Vulkan, [0000023FE17FE000][0000023FDFBAA040 49] Android_Vulkan_SM5, [0000023FE00C1300][0000023FDF9B8080 49] Android_PowerVR_G6xxx, [0000023FE17FFB00][0000023FDF9BA040 49] Android_PowerVR_GT7xxx, [0000023FE00C0C00][0000023FE0238080 49] Android_PowerVR_GE8xxx, [0000023FE17FC700][0000023FE023A040 49] Android_PowerVR_GM9xxx, [0000023FE00C0300][0000023FDFAD4080 49] Android_PowerVR_GM9xxx_Vulkan, [0000023FE17FE700][0000023FDFAD6040 49] Android_TegraK1, [0000023FE00C3E00][0000023FDFA38080 49] Android_Unknown_Vulkan, [0000023FE17FFD00][0000023FDFA3A040 49] Lumin, [0000023FE00C2400][0000023FE0128080 49] Lumin_Desktop, [0000023FE17FF200][0000023FE012A040 49] HoloLens, 
[2023.04.01-16.52.59:493][  0]LogMeshReduction: Using QuadricMeshReduction for automatic static mesh reduction
[2023.04.01-16.52.59:493][  0]LogMeshReduction: Using SimplygonMeshReduction for automatic skeletal mesh reduction
[2023.04.01-16.52.59:493][  0]LogMeshReduction: Using ProxyLODMeshReduction for automatic mesh merging
[2023.04.01-16.52.59:493][  0]LogMeshReduction: No distributed automatic mesh merging module available
[2023.04.01-16.52.59:493][  0]LogMeshMerging: No distributed automatic mesh merging module available
[2023.04.01-16.52.59:524][  0]LogNetVersion: DungeonCrawlerGJ 1.0.0, NetCL: 17155196, EngineNetVer: 17, GameNetVer: 0 (Checksum: 2676661452)
[2023.04.01-16.52.59:763][  0]LogTexture: Default maximum texture size for cubemaps generated from long-lat sources has been changed from 512 to unlimited. In order to preserve old behaiour for '/Engine/MapTemplates/Sky/DaylightAmbientCubemap.DaylightAmbientCubemap', its maximum texture size has been explicitly set to 512.
